<?xml version="1.0" encoding="UTF-8"?>
<!-- Generated by org.testng.reporters.JUnitReportReporter -->
<testsuite hostname="DESKTOP-0UJD6O5" failures="0" tests="1" name="sample.Eg_1Test" time="0.041" errors="0" timestamp="2024-12-23T12:53:25 IST" skipped="0">
  <testcase classname="sample.Eg_1Test" name="newTest" time="0.041"/>
  <system-out/>
</testsuite> <!-- sample.Eg_1Test -->
